C51 COMPILER V9.60.0.0   BSP_TIME                                                          06/12/2022 21:53:21 PAGE 1   


C51 COMPILER V9.60.0.0, COMPILATION OF MODULE BSP_TIME
OBJECT MODULE PLACED IN bsp_time.obj
COMPILER INVOKED BY: F:\keil\C51\BIN\C51.EXE 模块\bsp_time.c LARGE OMF2 OPTIMIZE(8,SPEED) BROWSE INCDIR(.\模块.\User;.\P
                    -ublic;.\GUI;.\APP\tftlcd;.\APP\touch;.\模块) DEBUG PRINT(.\bsp_time.lst) TABS(2) OBJECT(bsp_time.obj)

line level    source

   1          #include "bsp_time.h"
   2          
   3          
   4          
   5          /*******************************************************************************
   6          * 函 数 名       : time0_init
   7          * 函数功能     : 定时器0中断配置函数，通过设置TH和TL即可确定定时时间
   8          * 输    入       : 无
   9          * 输    出       : 无
  10          *******************************************************************************/
  11          void time0_init(void)
  12          {
  13   1        TMOD|=0X01;//选择为定时器0模式，工作方式1
  14   1        TH0=0XD8; //给定时器赋初值，定时10ms
  15   1        TL0=0XF0;
  16   1        ET0=1;//打开定时器0中断允许
  17   1        EA=1;//打开总中断
  18   1        TR0=1;//打开定时器    
  19   1      }


MODULE INFORMATION:   STATIC OVERLAYABLE
   CODE SIZE        =     16    ----
   CONSTANT SIZE    =   ----    ----
   XDATA SIZE       =   ----    ----
   PDATA SIZE       =   ----    ----
   DATA SIZE        =   ----    ----
   IDATA SIZE       =   ----    ----
   BIT SIZE         =   ----    ----
   EDATA SIZE       =   ----    ----
   HDATA SIZE       =   ----    ----
   XDATA CONST SIZE =   ----    ----
   FAR CONST SIZE   =   ----    ----
END OF MODULE INFORMATION.


C51 COMPILATION COMPLETE.  0 WARNING(S),  0 ERROR(S)
