C51 COMPILER V9.60.0.0   BSP_KEY                                                           06/12/2022 21:53:21 PAGE 1   


C51 COMPILER V9.60.0.0, COMPILATION OF MODULE BSP_KEY
OBJECT MODULE PLACED IN bsp_key.obj
COMPILER INVOKED BY: F:\keil\C51\BIN\C51.EXE 模块\bsp_key.c LARGE OMF2 OPTIMIZE(8,SPEED) BROWSE INCDIR(.\模块.\User;.\Pu
                    -blic;.\GUI;.\APP\tftlcd;.\APP\touch;.\模块) DEBUG PRINT(.\bsp_key.lst) TABS(2) OBJECT(bsp_key.obj)

line level    source

   1          #include "bsp_key.h"
   2          
   3          /*******************************************************************************
   4          * 函 数 名       : key_scan
   5          * 函数功能     : 检测独立按键是否按下，按下则返回对应键值
   6          
   7          *******************************************************************************/
   8          unsigned char key_scan()
   9          {
  10   1        unsigned char key_val;
  11   1        if(KEY1 == 0)
  12   1          key_val = 1;
  13   1        else if(KEY2 == 0)
  14   1          key_val = 2;
  15   1        else if(KEY5 == 0)
  16   1          key_val = 5;
  17   1        else if(KEY6 == 0)
  18   1          key_val = 6;
  19   1        else
  20   1          key_val = 0;
  21   1        return key_val;
  22   1      }


MODULE INFORMATION:   STATIC OVERLAYABLE
   CODE SIZE        =     27    ----
   CONSTANT SIZE    =   ----    ----
   XDATA SIZE       =   ----    ----
   PDATA SIZE       =   ----    ----
   DATA SIZE        =   ----    ----
   IDATA SIZE       =   ----    ----
   BIT SIZE         =   ----    ----
   EDATA SIZE       =   ----    ----
   HDATA SIZE       =   ----    ----
   XDATA CONST SIZE =   ----    ----
   FAR CONST SIZE   =   ----    ----
END OF MODULE INFORMATION.


C51 COMPILATION COMPLETE.  0 WARNING(S),  0 ERROR(S)
