C51 COMPILER V9.60.0.0   DELAY                                                             06/05/2022 16:38:48 PAGE 1   


C51 COMPILER V9.60.0.0, COMPILATION OF MODULE DELAY
OBJECT MODULE PLACED IN delay.obj
COMPILER INVOKED BY: F:\keil\C51\BIN\C51.EXE 模块\delay.c OPTIMIZE(8,SPEED) BROWSE INCDIR(.\模块) DEBUG OBJECTEXTEND PRI
                    -NT(.\delay.lst) TABS(2) OBJECT(delay.obj)

line level    source

   1          #include "delay.h"
   2          
   3          
   4          /*******************************************************************************
   5          * 函 数 名       : delay_10us
   6          * 函数功能     : 延时函数，ten_us=1时，大约延时10us
   7          * 输    入       : ten_us
   8          * 输    出       : 无
   9          *******************************************************************************/
  10          void delay_10us(unsigned int ten_us)
  11          {
  12   1        while(ten_us--);  
  13   1      }
  14          
  15          /*******************************************************************************
  16          * 函 数 名       : delay_ms
  17          * 函数功能     : ms延时函数，ms=1时，大约延时1ms
  18          * 输    入       : ten_us
  19          * 输    出       : 无
  20          *******************************************************************************/
  21          void delay_ms(unsigned int ms)
  22          {
  23   1        unsigned int i,j;
  24   1        for(i=ms;i>0;i--)
  25   1          for(j=110;j>0;j--);
  26   1      }
  27          


MODULE INFORMATION:   STATIC OVERLAYABLE
   CODE SIZE        =     41    ----
   CONSTANT SIZE    =   ----    ----
   XDATA SIZE       =   ----    ----
   PDATA SIZE       =   ----    ----
   DATA SIZE        =   ----    ----
   IDATA SIZE       =   ----    ----
   BIT SIZE         =   ----    ----
END OF MODULE INFORMATION.


C51 COMPILATION COMPLETE.  0 WARNING(S),  0 ERROR(S)
