C51 COMPILER V9.60.0.0   PUBLIC                                                            06/12/2022 21:53:21 PAGE 1   


C51 COMPILER V9.60.0.0, COMPILATION OF MODULE PUBLIC
OBJECT MODULE PLACED IN public.obj
COMPILER INVOKED BY: F:\keil\C51\BIN\C51.EXE Public\public.c LARGE OMF2 OPTIMIZE(8,SPEED) BROWSE INCDIR(.\Ä£¿é.\User;.\P
                    -ublic;.\GUI;.\APP\tftlcd;.\APP\touch;.\Ä£¿é) DEBUG PRINT(.\public.lst) TABS(2) OBJECT(public.obj)

line level    source

   1          #include "public.h"
   2          
   3          
   4          
   5          
   6          void delay_10us(u16 us)
   7          {
   8   1        while(us--);
   9   1      }
  10          
  11          void delay_ms(u16 ms)
  12          {
  13   1        u16 i,j;
  14   1        for(i=ms;i>0;i--)
  15   1          for(j=110;j>0;j--);
  16   1      }
  17          


MODULE INFORMATION:   STATIC OVERLAYABLE
   CODE SIZE        =     41    ----
   CONSTANT SIZE    =   ----    ----
   XDATA SIZE       =   ----    ----
   PDATA SIZE       =   ----    ----
   DATA SIZE        =   ----    ----
   IDATA SIZE       =   ----    ----
   BIT SIZE         =   ----    ----
   EDATA SIZE       =   ----    ----
   HDATA SIZE       =   ----    ----
   XDATA CONST SIZE =   ----    ----
   FAR CONST SIZE   =   ----    ----
END OF MODULE INFORMATION.


C51 COMPILATION COMPLETE.  0 WARNING(S),  0 ERROR(S)
